0 verbose cli /usr/bin/node-18 /usr/bin/npm
1 info using npm@10.5.0
2 info using node@v18.20.2
3 timing npm:load:whichnode Completed in 2ms
4 timing config:load:defaults Completed in 4ms
5 timing config:load:file:/usr/lib/node_modules_18/npm/npmrc Completed in 20ms
6 timing config:load:builtin Completed in 20ms
7 timing config:load:cli Completed in 2ms
8 timing config:load:env Completed in 1ms
9 timing config:load:file:/home/ec2-user/CI-Cd_Railway-Booking/.npmrc Completed in 0ms
10 timing config:load:project Completed in 1ms
11 timing config:load:file:/home/ec2-user/.npmrc Completed in 0ms
12 timing config:load:user Completed in 0ms
13 timing config:load:file:/etc/npmrc Completed in 1ms
14 timing config:load:global Completed in 1ms
15 timing config:load:setEnvs Completed in 1ms
16 timing config:load Completed in 32ms
17 timing npm:load:configload Completed in 32ms
18 timing config:load:flatten Completed in 3ms
19 timing npm:load:mkdirpcache Completed in 0ms
20 timing npm:load:mkdirplogs Completed in 0ms
21 verbose title npm install
22 verbose argv "install"
23 timing npm:load:setTitle Completed in 2ms
24 timing npm:load:display Completed in 0ms
25 verbose logfile logs-max:10 dir:/home/ec2-user/.npm/_logs/2024-11-04T05_32_56_165Z-
26 verbose logfile /home/ec2-user/.npm/_logs/2024-11-04T05_32_56_165Z-debug-0.log
27 timing npm:load:logFile Completed in 13ms
28 timing npm:load:timers Completed in 0ms
29 timing npm:load:configScope Completed in 0ms
30 timing npm:load Completed in 70ms
31 timing arborist:ctor Completed in 2ms
32 silly logfile done cleaning log files
33 timing idealTree:init Completed in 81ms
34 timing idealTree:userRequests Completed in 1ms
35 silly idealTree buildDeps
36 timing idealTree:#root Completed in 1ms
37 timing idealTree:buildDeps Completed in 1ms
38 timing idealTree:fixDepFlags Completed in 0ms
39 timing idealTree Completed in 85ms
40 verbose shrinkwrap failed to load node_modules/.package-lock.json out of date, updated: node_modules
41 http fetch GET 200 https://registry.npmjs.org/npm 220ms
42 timing reify:loadTrees Completed in 284ms
43 timing reify:diffTrees Completed in 5ms
44 silly reify moves {}
45 timing reify:retireShallow Completed in 2ms
46 timing reify:createSparse Completed in 0ms
47 timing reify:loadBundles Completed in 0ms
48 silly audit bulk request {
48 silly audit   accepts: [ '1.3.8' ],
48 silly audit   'array-flatten': [ '1.1.1' ],
48 silly audit   'body-parser': [ '1.20.2', '1.20.1' ],
48 silly audit   bytes: [ '3.1.2' ],
48 silly audit   'call-bind': [ '1.0.2' ],
48 silly audit   'content-disposition': [ '0.5.4' ],
48 silly audit   'content-type': [ '1.0.5' ],
48 silly audit   cookie: [ '0.5.0' ],
48 silly audit   'cookie-signature': [ '1.0.6' ],
48 silly audit   cors: [ '2.8.5' ],
48 silly audit   debug: [ '2.6.9' ],
48 silly audit   denque: [ '2.1.0' ],
48 silly audit   depd: [ '2.0.0' ],
48 silly audit   destroy: [ '1.2.0' ],
48 silly audit   'ee-first': [ '1.1.1' ],
48 silly audit   encodeurl: [ '1.0.2' ],
48 silly audit   'escape-html': [ '1.0.3' ],
48 silly audit   etag: [ '1.8.1' ],
48 silly audit   express: [ '4.18.2' ],
48 silly audit   'raw-body': [ '2.5.1', '2.5.2' ],
48 silly audit   finalhandler: [ '1.2.0' ],
48 silly audit   forwarded: [ '0.2.0' ],
48 silly audit   fresh: [ '0.5.2' ],
48 silly audit   'function-bind': [ '1.1.1' ],
48 silly audit   'generate-function': [ '2.3.1' ],
48 silly audit   'get-intrinsic': [ '1.2.1' ],
48 silly audit   has: [ '1.0.3' ],
48 silly audit   'has-proto': [ '1.0.1' ],
48 silly audit   'has-symbols': [ '1.0.3' ],
48 silly audit   'http-errors': [ '2.0.0' ],
48 silly audit   'iconv-lite': [ '0.4.24', '0.6.3' ],
48 silly audit   inherits: [ '2.0.4' ],
48 silly audit   'ipaddr.js': [ '1.9.1' ],
48 silly audit   'is-property': [ '1.0.2' ],
48 silly audit   long: [ '5.2.3' ],
48 silly audit   'lru-cache': [ '8.0.5', '7.18.3' ],
48 silly audit   'media-typer': [ '0.3.0' ],
48 silly audit   'merge-descriptors': [ '1.0.1' ],
48 silly audit   methods: [ '1.1.2' ],
48 silly audit   mime: [ '1.6.0' ],
48 silly audit   'mime-db': [ '1.52.0' ],
48 silly audit   'mime-types': [ '2.1.35' ],
48 silly audit   ms: [ '2.0.0', '2.1.3' ],
48 silly audit   mysql2: [ '3.6.1' ],
48 silly audit   'named-placeholders': [ '1.1.3' ],
48 silly audit   negotiator: [ '0.6.3' ],
48 silly audit   'object-assign': [ '4.1.1' ],
48 silly audit   'object-inspect': [ '1.12.3' ],
48 silly audit   'on-finished': [ '2.4.1' ],
48 silly audit   parseurl: [ '1.3.3' ],
48 silly audit   'path-to-regexp': [ '0.1.7' ],
48 silly audit   'proxy-addr': [ '2.0.7' ],
48 silly audit   qs: [ '6.11.0' ],
48 silly audit   'range-parser': [ '1.2.1' ],
48 silly audit   'safe-buffer': [ '5.2.1' ],
48 silly audit   'safer-buffer': [ '2.1.2' ],
48 silly audit   send: [ '0.18.0' ],
48 silly audit   'seq-queue': [ '0.0.5' ],
48 silly audit   'serve-static': [ '1.15.0' ],
48 silly audit   setprototypeof: [ '1.2.0' ],
48 silly audit   'side-channel': [ '1.0.4' ],
48 silly audit   sqlstring: [ '2.3.3' ],
48 silly audit   statuses: [ '2.0.1' ],
48 silly audit   toidentifier: [ '1.0.1' ],
48 silly audit   'type-is': [ '1.6.18' ],
48 silly audit   unpipe: [ '1.0.0' ],
48 silly audit   'utils-merge': [ '1.0.1' ],
48 silly audit   vary: [ '1.1.2' ]
48 silly audit }
49 timing reify:unpack Completed in 1ms
50 timing reify:unretire Completed in 0ms
51 timing build:queue Completed in 0ms
52 timing build:deps Completed in 1ms
53 timing build Completed in 1ms
54 timing reify:build Completed in 1ms
55 timing reify:trash Completed in 0ms
56 timing reify:save Completed in 58ms
57 http fetch POST 200 https://registry.npmjs.org/-/npm/v1/security/advisories/bulk 252ms
58 timing auditReport:getReport Completed in 259ms
59 silly audit report {
59 silly audit report   'body-parser': [
59 silly audit report     {
59 silly audit report       id: 1099520,
59 silly audit report       url: 'https://github.com/advisories/GHSA-qwcr-r2fm-qrc7',
59 silly audit report       title: 'body-parser vulnerable to denial of service when url encoding is enabled',
59 silly audit report       severity: 'high',
59 silly audit report       vulnerable_versions: '<1.20.3',
59 silly audit report       cwe: [Array],
59 silly audit report       cvss: [Object]
59 silly audit report     }
59 silly audit report   ],
59 silly audit report   cookie: [
59 silly audit report     {
59 silly audit report       id: 1099846,
59 silly audit report       url: 'https://github.com/advisories/GHSA-pxg6-pf52-xh8x',
59 silly audit report       title: 'cookie accepts cookie name, path, and domain with out of bounds characters',
59 silly audit report       severity: 'low',
59 silly audit report       vulnerable_versions: '<0.7.0',
59 silly audit report       cwe: [Array],
59 silly audit report       cvss: [Object]
59 silly audit report     }
59 silly audit report   ],
59 silly audit report   express: [
59 silly audit report     {
59 silly audit report       id: 1099529,
59 silly audit report       url: 'https://github.com/advisories/GHSA-qw6h-vgh9-j6wx',
59 silly audit report       title: 'express vulnerable to XSS via response.redirect()',
59 silly audit report       severity: 'moderate',
59 silly audit report       vulnerable_versions: '<4.20.0',
59 silly audit report       cwe: [Array],
59 silly audit report       cvss: [Object]
59 silly audit report     },
59 silly audit report     {
59 silly audit report       id: 1096820,
59 silly audit report       url: 'https://github.com/advisories/GHSA-rv95-896h-c2vc',
59 silly audit report       title: 'Express.js Open Redirect in malformed URLs',
59 silly audit report       severity: 'moderate',
59 silly audit report       vulnerable_versions: '<4.19.2',
59 silly audit report       cwe: [Array],
59 silly audit report       cvss: [Object]
59 silly audit report     }
59 silly audit report   ],
59 silly audit report   mysql2: [
59 silly audit report     {
59 silly audit report       id: 1096970,
59 silly audit report       url: 'https://github.com/advisories/GHSA-fpw7-j2hg-69v5',
59 silly audit report       title: 'mysql2 Remote Code Execution (RCE) via the readCodeFor function',
59 silly audit report       severity: 'critical',
59 silly audit report       vulnerable_versions: '<3.9.4',
59 silly audit report       cwe: [Array],
59 silly audit report       cvss: [Object]
59 silly audit report     },
59 silly audit report     {
59 silly audit report       id: 1097180,
59 silly audit report       url: 'https://github.com/advisories/GHSA-4rch-2fh8-94vw',
59 silly audit report       title: 'MySQL2 for Node Arbitrary Code Injection',
59 silly audit report       severity: 'critical',
59 silly audit report       vulnerable_versions: '<3.9.7',
59 silly audit report       cwe: [Array],
59 silly audit report       cvss: [Object]
59 silly audit report     },
59 silly audit report     {
59 silly audit report       id: 1097488,
59 silly audit report       url: 'https://github.com/advisories/GHSA-pmh2-wpjm-fj45',
59 silly audit report       title: 'mysql2 vulnerable to Prototype Pollution',
59 silly audit report       severity: 'high',
59 silly audit report       vulnerable_versions: '<3.9.8',
59 silly audit report       cwe: [Array],
59 silly audit report       cvss: [Object]
59 silly audit report     },
59 silly audit report     {
59 silly audit report       id: 1098367,
59 silly audit report       url: 'https://github.com/advisories/GHSA-mqr2-w7wj-jjgr',
59 silly audit report       title: 'mysql2 cache poisoning vulnerability',
59 silly audit report       severity: 'moderate',
59 silly audit report       vulnerable_versions: '<3.9.3',
59 silly audit report       cwe: [Array],
59 silly audit report       cvss: [Object]
59 silly audit report     },
59 silly audit report     {
59 silly audit report       id: 1098617,
59 silly audit report       url: 'https://github.com/advisories/GHSA-49j4-86m8-q2jw',
59 silly audit report       title: 'mysql2 vulnerable to Prototype Poisoning',
59 silly audit report       severity: 'moderate',
59 silly audit report       vulnerable_versions: '<3.9.4',
59 silly audit report       cwe: [Array],
59 silly audit report       cvss: [Object]
59 silly audit report     }
59 silly audit report   ],
59 silly audit report   'path-to-regexp': [
59 silly audit report     {
59 silly audit report       id: 1099562,
59 silly audit report       url: 'https://github.com/advisories/GHSA-9wv6-86v2-598j',
59 silly audit report       title: 'path-to-regexp outputs backtracking regular expressions',
59 silly audit report       severity: 'high',
59 silly audit report       vulnerable_versions: '<0.1.10',
59 silly audit report       cwe: [Array],
59 silly audit report       cvss: [Object]
59 silly audit report     }
59 silly audit report   ],
59 silly audit report   send: [
59 silly audit report     {
59 silly audit report       id: 1099525,
59 silly audit report       url: 'https://github.com/advisories/GHSA-m6fv-jmcg-4jfg',
59 silly audit report       title: 'send vulnerable to template injection that can lead to XSS',
59 silly audit report       severity: 'moderate',
59 silly audit report       vulnerable_versions: '<0.19.0',
59 silly audit report       cwe: [Array],
59 silly audit report       cvss: [Object]
59 silly audit report     }
59 silly audit report   ],
59 silly audit report   'serve-static': [
59 silly audit report     {
59 silly audit report       id: 1099527,
59 silly audit report       url: 'https://github.com/advisories/GHSA-cm22-4g7w-348p',
59 silly audit report       title: 'serve-static vulnerable to template injection that can lead to XSS',
59 silly audit report       severity: 'moderate',
59 silly audit report       vulnerable_versions: '<1.16.0',
59 silly audit report       cwe: [Array],
59 silly audit report       cvss: [Object]
59 silly audit report     }
59 silly audit report   ]
59 silly audit report }
60 timing metavuln:cache:get:security-advisory:body-parser:uoEU0GS6gk35ZdcQ5nagZYzZcDz5Th0PEvPIVa8rzwbO20pRdxYbAhpIm6Wc5MALXoWb1C4X8WqCtH02U0Wo1A== Completed in 21ms
61 timing metavuln:cache:get:security-advisory:cookie:fiAgy8LdsBPaQEbo7M3TC0K1AVc7Dl69m8P2pmr6RTs1eBYnkyvV6lHHCRB0mAKtL1TSQPXxJVEHOqp48Uvhag== Completed in 20ms
62 timing metavuln:cache:get:security-advisory:express:hVvNcW1vjxrtQmaCwPKfE4Z8R62gR0ULNfdF0CLFRiFJto5sSTez9DCVLJ7vjZWLLbcdnPaPDC9ZDCECldX4GQ== Completed in 19ms
63 timing metavuln:cache:get:security-advisory:express:lBXrUDHGQ8w6TsFbfO+dIpiL3mSEKXOF2OuvW+b7kHxIhUYJTgPXfCu70PLwR+5DiyOmPyeCmimiWIYaeIPBdw== Completed in 19ms
64 timing metavuln:cache:get:security-advisory:mysql2:Jrpazv6mxx1U/xToqRpT5PC9QlcdGzsiQf34TjVpBhr2y7Zf7p+FK0cJHuVcmAQuLrhrf5JHQy4CcrhfwLYcJg== Completed in 18ms
65 timing metavuln:cache:get:security-advisory:mysql2:f9tJ+XFSOuhO6UJz+PX3PYefCs4Yhe4A0JFz3PmeVr/1MNfRXhCiMPPvvvc5Pd3QuAPx+6HRJ0vYFN0J0/0xGw== Completed in 18ms
66 timing metavuln:cache:get:security-advisory:mysql2:B6jq/5JxUPjE40HIBSwBSKPg/LS/P4MLqz1qSU2njWu7DwAcPHlLxg6M7WcxuDuK7J0qC/aqQbGAhpo9fZCjdw== Completed in 17ms
67 timing metavuln:cache:get:security-advisory:mysql2:NKOtgC+ZWhH8fsT1n0HOUC1OIrTw79rmjmganIT8w57E9RHVgy7JKjXNI/nl5HZj7k92t6q96qjEnGi8qz/cZA== Completed in 17ms
68 timing metavuln:cache:get:security-advisory:mysql2:ldXlKG6ne0/FplTYGPuv9tCzeW4zZylf/FqzD3LbtefBI59Y9Al8c53S2vBh1Tb6z/GIbQSD8INMstIuUTNIqA== Completed in 9ms
69 timing metavuln:cache:get:security-advisory:path-to-regexp:MGO+1pdJTigPi3TXGZyVn35t2czXVkYs+fgMO7RE91yslgH9FQoQuUVMgE+5KM1TF4oevhUauG5tddQcIK8Fzg== Completed in 9ms
70 timing metavuln:cache:get:security-advisory:send:OShLTeaftGdoI6AC7xvJ84fklSsg8XN9g5w+pRFqXWtM66RkMgSjQaSgIRFeMMpYy/URhePqWfUgvGta5cUXXw== Completed in 8ms
71 timing metavuln:cache:get:security-advisory:serve-static:6/5/7wCvhynQFLFlm3uAL70rYGPKRtebq7fww92FL5lg7aniCfsBAW3IWMWnLUwSQWZGUr38TziTDlnBorKdEg== Completed in 8ms
72 http fetch GET 200 https://registry.npmjs.org/body-parser 108ms (cache miss)
73 timing metavuln:packument:body-parser Completed in 112ms
74 timing metavuln:load:security-advisory:body-parser:1099520 Completed in 9ms
75 http fetch GET 200 https://registry.npmjs.org/path-to-regexp 126ms (cache miss)
76 timing metavuln:packument:path-to-regexp Completed in 128ms
77 timing metavuln:load:security-advisory:path-to-regexp:1099562 Completed in 13ms
78 timing metavuln:cache:put:security-advisory:body-parser:uoEU0GS6gk35ZdcQ5nagZYzZcDz5Th0PEvPIVa8rzwbO20pRdxYbAhpIm6Wc5MALXoWb1C4X8WqCtH02U0Wo1A== Completed in 43ms
79 timing metavuln:calculate:security-advisory:body-parser:1099520 Completed in 165ms
80 timing metavuln:cache:put:security-advisory:path-to-regexp:MGO+1pdJTigPi3TXGZyVn35t2czXVkYs+fgMO7RE91yslgH9FQoQuUVMgE+5KM1TF4oevhUauG5tddQcIK8Fzg== Completed in 13ms
81 timing metavuln:calculate:security-advisory:path-to-regexp:1099562 Completed in 154ms
82 http fetch GET 200 https://registry.npmjs.org/cookie 165ms (cache miss)
83 timing metavuln:packument:cookie Completed in 167ms
84 timing metavuln:load:security-advisory:cookie:1099846 Completed in 1ms
85 http fetch GET 200 https://registry.npmjs.org/send 162ms (cache miss)
86 timing metavuln:packument:send Completed in 163ms
87 timing metavuln:load:security-advisory:send:1099525 Completed in 3ms
88 http fetch GET 200 https://registry.npmjs.org/serve-static 166ms (cache miss)
89 timing metavuln:packument:serve-static Completed in 167ms
90 timing metavuln:load:security-advisory:serve-static:1099527 Completed in 3ms
91 http fetch GET 200 https://registry.npmjs.org/express 196ms (cache miss)
92 timing metavuln:packument:express Completed in 203ms
93 timing metavuln:load:security-advisory:express:1099529 Completed in 11ms
94 timing metavuln:load:security-advisory:express:1096820 Completed in 15ms
95 timing metavuln:cache:put:security-advisory:cookie:fiAgy8LdsBPaQEbo7M3TC0K1AVc7Dl69m8P2pmr6RTs1eBYnkyvV6lHHCRB0mAKtL1TSQPXxJVEHOqp48Uvhag== Completed in 74ms
96 timing metavuln:calculate:security-advisory:cookie:1099846 Completed in 242ms
97 timing metavuln:cache:put:security-advisory:send:OShLTeaftGdoI6AC7xvJ84fklSsg8XN9g5w+pRFqXWtM66RkMgSjQaSgIRFeMMpYy/URhePqWfUgvGta5cUXXw== Completed in 64ms
98 timing metavuln:calculate:security-advisory:send:1099525 Completed in 230ms
99 timing metavuln:cache:put:security-advisory:serve-static:6/5/7wCvhynQFLFlm3uAL70rYGPKRtebq7fww92FL5lg7aniCfsBAW3IWMWnLUwSQWZGUr38TziTDlnBorKdEg== Completed in 60ms
100 timing metavuln:calculate:security-advisory:serve-static:1099527 Completed in 231ms
101 timing metavuln:cache:put:security-advisory:express:hVvNcW1vjxrtQmaCwPKfE4Z8R62gR0ULNfdF0CLFRiFJto5sSTez9DCVLJ7vjZWLLbcdnPaPDC9ZDCECldX4GQ== Completed in 29ms
102 timing metavuln:calculate:security-advisory:express:1099529 Completed in 243ms
103 timing metavuln:cache:put:security-advisory:express:lBXrUDHGQ8w6TsFbfO+dIpiL3mSEKXOF2OuvW+b7kHxIhUYJTgPXfCu70PLwR+5DiyOmPyeCmimiWIYaeIPBdw== Completed in 11ms
104 timing metavuln:calculate:security-advisory:express:1096820 Completed in 243ms
105 http fetch GET 200 https://registry.npmjs.org/mysql2 244ms (cache miss)
106 timing metavuln:packument:mysql2 Completed in 248ms
107 timing metavuln:load:security-advisory:mysql2:1096970 Completed in 4ms
108 timing metavuln:load:security-advisory:mysql2:1097180 Completed in 4ms
109 timing metavuln:load:security-advisory:mysql2:1097488 Completed in 14ms
110 timing metavuln:load:security-advisory:mysql2:1098367 Completed in 4ms
111 timing metavuln:load:security-advisory:mysql2:1098617 Completed in 6ms
112 timing metavuln:cache:put:security-advisory:mysql2:NKOtgC+ZWhH8fsT1n0HOUC1OIrTw79rmjmganIT8w57E9RHVgy7JKjXNI/nl5HZj7k92t6q96qjEnGi8qz/cZA== Completed in 10ms
113 timing metavuln:calculate:security-advisory:mysql2:1098367 Completed in 285ms
114 timing metavuln:cache:put:security-advisory:mysql2:Jrpazv6mxx1U/xToqRpT5PC9QlcdGzsiQf34TjVpBhr2y7Zf7p+FK0cJHuVcmAQuLrhrf5JHQy4CcrhfwLYcJg== Completed in 34ms
115 timing metavuln:calculate:security-advisory:mysql2:1096970 Completed in 287ms
116 timing metavuln:cache:put:security-advisory:mysql2:f9tJ+XFSOuhO6UJz+PX3PYefCs4Yhe4A0JFz3PmeVr/1MNfRXhCiMPPvvvc5Pd3QuAPx+6HRJ0vYFN0J0/0xGw== Completed in 30ms
117 timing metavuln:calculate:security-advisory:mysql2:1097180 Completed in 287ms
118 timing metavuln:cache:put:security-advisory:mysql2:B6jq/5JxUPjE40HIBSwBSKPg/LS/P4MLqz1qSU2njWu7DwAcPHlLxg6M7WcxuDuK7J0qC/aqQbGAhpo9fZCjdw== Completed in 16ms
119 timing metavuln:calculate:security-advisory:mysql2:1097488 Completed in 286ms
120 timing metavuln:cache:put:security-advisory:mysql2:ldXlKG6ne0/FplTYGPuv9tCzeW4zZylf/FqzD3LbtefBI59Y9Al8c53S2vBh1Tb6z/GIbQSD8INMstIuUTNIqA== Completed in 5ms
121 timing metavuln:calculate:security-advisory:mysql2:1098617 Completed in 277ms
122 timing metavuln:cache:get:security-advisory:express:jvTd6gzTcOHtTpI+4CX7Ne4qICdj+n1Uun+dHPDk1JAyy9ltqA8JnsvVhBi+M0Y+kR5QoSv5YqjecJACWBUhEA== Completed in 0ms
123 timing metavuln:load:security-advisory:express:uoEU0GS6gk35ZdcQ5nagZYzZcDz5Th0PEvPIVa8rzwbO20pRdxYbAhpIm6Wc5MALXoWb1C4X8WqCtH02U0Wo1A== Completed in 25ms
124 timing metavuln:cache:put:security-advisory:express:jvTd6gzTcOHtTpI+4CX7Ne4qICdj+n1Uun+dHPDk1JAyy9ltqA8JnsvVhBi+M0Y+kR5QoSv5YqjecJACWBUhEA== Completed in 3ms
125 timing metavuln:calculate:security-advisory:express:uoEU0GS6gk35ZdcQ5nagZYzZcDz5Th0PEvPIVa8rzwbO20pRdxYbAhpIm6Wc5MALXoWb1C4X8WqCtH02U0Wo1A== Completed in 28ms
126 timing metavuln:cache:get:security-advisory:express:wpiLhoazHuPn1BZx3aoZElXRJGtv0L0hAoLu6mSYyQJJZRllThEbX+Zz/Sao2aEUznMvCOKVfYofpLqfRxfcfQ== Completed in 0ms
127 timing metavuln:load:security-advisory:express:fiAgy8LdsBPaQEbo7M3TC0K1AVc7Dl69m8P2pmr6RTs1eBYnkyvV6lHHCRB0mAKtL1TSQPXxJVEHOqp48Uvhag== Completed in 17ms
128 timing metavuln:cache:put:security-advisory:express:wpiLhoazHuPn1BZx3aoZElXRJGtv0L0hAoLu6mSYyQJJZRllThEbX+Zz/Sao2aEUznMvCOKVfYofpLqfRxfcfQ== Completed in 2ms
129 timing metavuln:calculate:security-advisory:express:fiAgy8LdsBPaQEbo7M3TC0K1AVc7Dl69m8P2pmr6RTs1eBYnkyvV6lHHCRB0mAKtL1TSQPXxJVEHOqp48Uvhag== Completed in 19ms
130 timing metavuln:cache:get:security-advisory:express:rT3NvJVkQ/88Msx6/Jy+yX0rnG51IL6fcI7HNTejs6EC3xbaoIFvF8zk2TGhCwnefscotuiJiewzaHZjBqrORQ== Completed in 0ms
131 timing metavuln:load:security-advisory:express:MGO+1pdJTigPi3TXGZyVn35t2czXVkYs+fgMO7RE91yslgH9FQoQuUVMgE+5KM1TF4oevhUauG5tddQcIK8Fzg== Completed in 19ms
132 timing metavuln:cache:put:security-advisory:express:rT3NvJVkQ/88Msx6/Jy+yX0rnG51IL6fcI7HNTejs6EC3xbaoIFvF8zk2TGhCwnefscotuiJiewzaHZjBqrORQ== Completed in 17ms
133 timing metavuln:calculate:security-advisory:express:MGO+1pdJTigPi3TXGZyVn35t2czXVkYs+fgMO7RE91yslgH9FQoQuUVMgE+5KM1TF4oevhUauG5tddQcIK8Fzg== Completed in 36ms
134 timing metavuln:cache:get:security-advisory:express:xLZ7vThFpE1wlRWTPTFOjjJ1i5Wu8q/HC4n4uyTn1eNHaD3tpDEm5B24gTw6/wesKir2r8HYImjCcIpkG5zKYw== Completed in 1ms
135 timing metavuln:load:security-advisory:express:OShLTeaftGdoI6AC7xvJ84fklSsg8XN9g5w+pRFqXWtM66RkMgSjQaSgIRFeMMpYy/URhePqWfUgvGta5cUXXw== Completed in 38ms
136 timing metavuln:cache:get:security-advisory:serve-static:+4ES5L6wOU+n07z1dxXG80UrqDTSPCvHDdGabQr8AKIBUHjLmwOE4rkwa/jvhXc/6NudzDSsLDHTHXsv066Big== Completed in 51ms
137 timing metavuln:load:security-advisory:serve-static:OShLTeaftGdoI6AC7xvJ84fklSsg8XN9g5w+pRFqXWtM66RkMgSjQaSgIRFeMMpYy/URhePqWfUgvGta5cUXXw== Completed in 7ms
138 timing metavuln:cache:put:security-advisory:express:xLZ7vThFpE1wlRWTPTFOjjJ1i5Wu8q/HC4n4uyTn1eNHaD3tpDEm5B24gTw6/wesKir2r8HYImjCcIpkG5zKYw== Completed in 34ms
139 timing metavuln:calculate:security-advisory:express:OShLTeaftGdoI6AC7xvJ84fklSsg8XN9g5w+pRFqXWtM66RkMgSjQaSgIRFeMMpYy/URhePqWfUgvGta5cUXXw== Completed in 74ms
140 timing metavuln:cache:put:security-advisory:serve-static:+4ES5L6wOU+n07z1dxXG80UrqDTSPCvHDdGabQr8AKIBUHjLmwOE4rkwa/jvhXc/6NudzDSsLDHTHXsv066Big== Completed in 15ms
141 timing metavuln:calculate:security-advisory:serve-static:OShLTeaftGdoI6AC7xvJ84fklSsg8XN9g5w+pRFqXWtM66RkMgSjQaSgIRFeMMpYy/URhePqWfUgvGta5cUXXw== Completed in 73ms
142 timing metavuln:cache:get:security-advisory:express:A4TsuZI2o2e0Ax7EVEf6x3DHWrVSBPtfBMqN7I7BuTJxGdmyNf2R1CKhxVqsL77dRLUncIkqSwPzs6u/8nVzzg== Completed in 1ms
143 timing metavuln:load:security-advisory:express:6/5/7wCvhynQFLFlm3uAL70rYGPKRtebq7fww92FL5lg7aniCfsBAW3IWMWnLUwSQWZGUr38TziTDlnBorKdEg== Completed in 21ms
144 timing metavuln:cache:put:security-advisory:express:A4TsuZI2o2e0Ax7EVEf6x3DHWrVSBPtfBMqN7I7BuTJxGdmyNf2R1CKhxVqsL77dRLUncIkqSwPzs6u/8nVzzg== Completed in 2ms
145 timing metavuln:calculate:security-advisory:express:6/5/7wCvhynQFLFlm3uAL70rYGPKRtebq7fww92FL5lg7aniCfsBAW3IWMWnLUwSQWZGUr38TziTDlnBorKdEg== Completed in 24ms
146 timing auditReport:init Completed in 480ms
147 timing reify:audit Completed in 741ms
148 timing reify Completed in 1103ms
149 timing command:install Completed in 1146ms
150 notice
150 notice New [33mminor[39m version of npm available! [31m10.5.0[39m -> [32m10.9.0[39m
150 notice Changelog: [36mhttps://github.com/npm/cli/releases/tag/v10.9.0[39m
150 notice Run [32mnpm install -g npm@10.9.0[39m to update!
150 notice
151 verbose exit 0
152 timing npm Completed in 1403ms
153 info ok
